<?xml version="1.0" encoding="UTF-8"?>
<testsuite xmlns:xsi="http://www.w3.org/2001/XMLSchema-instance" xsi:noNamespaceSchemaLocation="https://maven.apache.org/surefire/maven-surefire-plugin/xsd/surefire-test-report-3.0.xsd" version="3.0" name="com.northpole.journalappserver.controller.GoalControllerTest" time="1.445" tests="15" errors="0" skipped="0" failures="0">
  <properties>
[...]
</properties>
  <testcase name="publishGoalMissingAssumptions_UnitTest" classname="com.northpole.journalappserver.controller.GoalControllerTest" time="0.067">
    <system-out><![CDATA[2023-09-04T16:36:53.918-04:00  INFO 17860 --- [           main] t.c.s.AnnotationConfigContextLoaderUtils : Could not detect default configuration classes for test class [com.northpole.journalappserver.controller.GoalControllerTest]: GoalControllerTest does not declare any static, non-private, non-final, nested classes annotated with @Configuration.
2023-09-04T16:36:53.926-04:00  INFO 17860 --- [           main] .b.t.c.SpringBootTestContextBootstrapper : Found @SpringBootConfiguration com.northpole.journalappserver.JournalAppServerApplication for test class com.northpole.journalappserver.controller.GoalControllerTest

  .   ____          _            __ _ _
 /\\ / ___'_ __ _ _(_)_ __  __ _ \ \ \ \
( ( )\___ | '_ | '_| | '_ \/ _` | \ \ \ \
 \\/  ___)| |_)| | | | | || (_| |  ) ) ) )
  '  |____| .__|_| |_|_| |_\__, | / / / /
 =========|_|==============|___/=/_/_/_/
 :: Spring Boot ::                (v3.1.2)

2023-09-04T16:36:53.958-04:00  INFO 17860 --- [           main] c.n.j.controller.GoalControllerTest      : Starting GoalControllerTest using Java 17 with PID 17860 (started by Marco in D:\Documents\JSWorkspace\JournalApp\JournalApp\server\journal-app-server\journal-app-server)
2023-09-04T16:36:53.958-04:00  INFO 17860 --- [           main] c.n.j.controller.GoalControllerTest      : No active profile set, falling back to 1 default profile: "default"
2023-09-04T16:36:54.232-04:00  INFO 17860 --- [           main] .s.d.r.c.RepositoryConfigurationDelegate : Multiple Spring Data modules found, entering strict repository configuration mode
2023-09-04T16:36:54.232-04:00  INFO 17860 --- [           main] .s.d.r.c.RepositoryConfigurationDelegate : Bootstrapping Spring Data JPA repositories in DEFAULT mode.
2023-09-04T16:36:54.243-04:00  INFO 17860 --- [           main] .RepositoryConfigurationExtensionSupport : Spring Data JPA - Could not safely identify store assignment for repository candidate interface com.northpole.journalappserver.repository.FlatRecordRepository; If you want this repository to be a JPA repository, consider annotating your entities with one of these annotations: jakarta.persistence.Entity, jakarta.persistence.MappedSuperclass (preferred), or consider extending one of the following types with your repository: org.springframework.data.jpa.repository.JpaRepository
2023-09-04T16:36:54.245-04:00  INFO 17860 --- [           main] .RepositoryConfigurationExtensionSupport : Spring Data JPA - Could not safely identify store assignment for repository candidate interface com.northpole.journalappserver.repository.GoalRepository; If you want this repository to be a JPA repository, consider annotating your entities with one of these annotations: jakarta.persistence.Entity, jakarta.persistence.MappedSuperclass (preferred), or consider extending one of the following types with your repository: org.springframework.data.jpa.repository.JpaRepository
2023-09-04T16:36:54.246-04:00  INFO 17860 --- [           main] .RepositoryConfigurationExtensionSupport : Spring Data JPA - Could not safely identify store assignment for repository candidate interface com.northpole.journalappserver.repository.JournalEntryRepository; If you want this repository to be a JPA repository, consider annotating your entities with one of these annotations: jakarta.persistence.Entity, jakarta.persistence.MappedSuperclass (preferred), or consider extending one of the following types with your repository: org.springframework.data.jpa.repository.JpaRepository
2023-09-04T16:36:54.257-04:00  INFO 17860 --- [           main] .s.d.r.c.RepositoryConfigurationDelegate : Finished Spring Data repository scanning in 24 ms. Found 3 JPA repository interfaces.
2023-09-04T16:36:54.264-04:00  INFO 17860 --- [           main] .s.d.r.c.RepositoryConfigurationDelegate : Multiple Spring Data modules found, entering strict repository configuration mode
2023-09-04T16:36:54.264-04:00  INFO 17860 --- [           main] .s.d.r.c.RepositoryConfigurationDelegate : Bootstrapping Spring Data MongoDB repositories in DEFAULT mode.
2023-09-04T16:36:54.267-04:00  INFO 17860 --- [           main] .RepositoryConfigurationExtensionSupport : Spring Data MongoDB - Could not safely identify store assignment for repository candidate interface com.northpole.journalappserver.repository.DashboardWidgetRepository; If you want this repository to be a MongoDB repository, consider annotating your entities with one of these annotations: org.springframework.data.mongodb.core.mapping.Document (preferred), or consider extending one of the following types with your repository: org.springframework.data.mongodb.repository.MongoRepository
2023-09-04T16:36:54.267-04:00  INFO 17860 --- [           main] .RepositoryConfigurationExtensionSupport : Spring Data MongoDB - Could not safely identify store assignment for repository candidate interface com.northpole.journalappserver.repository.JournalRepository; If you want this repository to be a MongoDB repository, consider annotating your entities with one of these annotations: org.springframework.data.mongodb.core.mapping.Document (preferred), or consider extending one of the following types with your repository: org.springframework.data.mongodb.repository.MongoRepository
2023-09-04T16:36:54.268-04:00  INFO 17860 --- [           main] .RepositoryConfigurationExtensionSupport : Spring Data MongoDB - Could not safely identify store assignment for repository candidate interface com.northpole.journalappserver.repository.ObjectiveRepository; If you want this repository to be a MongoDB repository, consider annotating your entities with one of these annotations: org.springframework.data.mongodb.core.mapping.Document (preferred), or consider extending one of the following types with your repository: org.springframework.data.mongodb.repository.MongoRepository
2023-09-04T16:36:54.273-04:00  INFO 17860 --- [           main] .s.d.r.c.RepositoryConfigurationDelegate : Finished Spring Data repository scanning in 9 ms. Found 3 MongoDB repository interfaces.
2023-09-04T16:36:54.429-04:00  INFO 17860 --- [           main] com.zaxxer.hikari.HikariDataSource       : HikariPool-2 - Starting...
2023-09-04T16:36:54.452-04:00  INFO 17860 --- [           main] com.zaxxer.hikari.pool.HikariPool        : HikariPool-2 - Added connection org.postgresql.jdbc.PgConnection@312af870
2023-09-04T16:36:54.453-04:00  INFO 17860 --- [           main] com.zaxxer.hikari.HikariDataSource       : HikariPool-2 - Start completed.
2023-09-04T16:36:54.455-04:00  INFO 17860 --- [           main] o.hibernate.jpa.internal.util.LogHelper  : HHH000204: Processing PersistenceUnitInfo [name: default]
2023-09-04T16:36:54.464-04:00  INFO 17860 --- [           main] o.h.b.i.BytecodeProviderInitiator        : HHH000021: Bytecode provider name : bytebuddy
2023-09-04T16:36:54.464-04:00  INFO 17860 --- [           main] o.s.o.j.p.SpringPersistenceUnitInfo      : No LoadTimeWeaver setup: ignoring JPA class transformer
2023-09-04T16:36:54.502-04:00  INFO 17860 --- [           main] o.h.b.i.BytecodeProviderInitiator        : HHH000021: Bytecode provider name : bytebuddy
2023-09-04T16:36:54.606-04:00  INFO 17860 --- [           main] o.h.e.t.j.p.i.JtaPlatformInitiator       : HHH000490: Using JtaPlatform implementation: [org.hibernate.engine.transaction.jta.platform.internal.NoJtaPlatform]
2023-09-04T16:36:54.607-04:00  INFO 17860 --- [           main] j.LocalContainerEntityManagerFactoryBean : Initialized JPA EntityManagerFactory for persistence unit 'default'
2023-09-04T16:36:54.670-04:00  INFO 17860 --- [           main] org.mongodb.driver.client                : MongoClient with metadata {"driver": {"name": "mongo-java-driver|sync|spring-boot", "version": "4.9.1"}, "os": {"type": "Windows", "name": "Windows 10", "architecture": "amd64", "version": "10.0"}, "platform": "Java/Oracle Corporation/17+35-LTS-2724"} created with settings MongoClientSettings{readPreference=primary, writeConcern=WriteConcern{w=majority, wTimeout=null ms, journal=null}, retryWrites=true, retryReads=true, readConcern=ReadConcern{level=null}, credential=MongoCredential{mechanism=null, userName='llnorthpolell', source='admin', password=<hidden>, mechanismProperties=<hidden>}, streamFactoryFactory=null, commandListeners=[], codecRegistry=ProvidersCodecRegistry{codecProviders=[ValueCodecProvider{}, BsonValueCodecProvider{}, DBRefCodecProvider{}, DBObjectCodecProvider{}, DocumentCodecProvider{}, CollectionCodecProvider{}, IterableCodecProvider{}, MapCodecProvider{}, GeoJsonCodecProvider{}, GridFSFileCodecProvider{}, Jsr310CodecProvider{}, JsonObjectCodecProvider{}, BsonCodecProvider{}, EnumCodecProvider{}, com.mongodb.client.model.mql.ExpressionCodecProvider@4d24ab25, com.mongodb.Jep395RecordCodecProvider@145f1f97]}, loggerSettings=LoggerSettings{maxDocumentLength=1000}, clusterSettings={hosts=[127.0.0.1:27017], srvHost=journal-app.sj4mfu0.mongodb.net, srvServiceName=mongodb, mode=MULTIPLE, requiredClusterType=REPLICA_SET, requiredReplicaSetName='atlas-kgl3mo-shard-0', serverSelector='null', clusterListeners='[]', serverSelectionTimeout='30000 ms', localThreshold='30000 ms'}, socketSettings=SocketSettings{connectTimeoutMS=10000, readTimeoutMS=0, receiveBufferSize=0, sendBufferSize=0}, heartbeatSocketSettings=SocketSettings{connectTimeoutMS=10000, readTimeoutMS=10000, receiveBufferSize=0, sendBufferSize=0}, connectionPoolSettings=ConnectionPoolSettings{maxSize=100, minSize=0, maxWaitTimeMS=120000, maxConnectionLifeTimeMS=0, maxConnectionIdleTimeMS=0, maintenanceInitialDelayMS=0, maintenanceFrequencyMS=60000, connectionPoolListeners=[], maxConnecting=2}, serverSettings=ServerSettings{heartbeatFrequencyMS=10000, minHeartbeatFrequencyMS=500, serverListeners='[]', serverMonitorListeners='[]'}, sslSettings=SslSettings{enabled=true, invalidHostNameAllowed=false, context=null}, applicationName='null', compressorList=[], uuidRepresentation=JAVA_LEGACY, serverApi=null, autoEncryptionSettings=null, contextProvider=null}
2023-09-04T16:36:54.709-04:00  INFO 17860 --- [fu0.mongodb.net] org.mongodb.driver.cluster               : Adding discovered server ac-whuypwz-shard-00-02.sj4mfu0.mongodb.net:27017 to client view of cluster
2023-09-04T16:36:54.710-04:00  INFO 17860 --- [fu0.mongodb.net] org.mongodb.driver.cluster               : Adding discovered server ac-whuypwz-shard-00-01.sj4mfu0.mongodb.net:27017 to client view of cluster
2023-09-04T16:36:54.710-04:00  INFO 17860 --- [fu0.mongodb.net] org.mongodb.driver.cluster               : Adding discovered server ac-whuypwz-shard-00-00.sj4mfu0.mongodb.net:27017 to client view of cluster
2023-09-04T16:36:54.842-04:00  WARN 17860 --- [           main] JpaBaseConfiguration$JpaWebConfiguration : spring.jpa.open-in-view is enabled by default. Therefore, database queries may be performed during view rendering. Explicitly configure spring.jpa.open-in-view to disable this warning
2023-09-04T16:36:54.852-04:00  INFO 17860 --- [ngodb.net:27017] org.mongodb.driver.cluster               : Monitor thread successfully connected to server with description ServerDescription{address=ac-whuypwz-shard-00-02.sj4mfu0.mongodb.net:27017, type=REPLICA_SET_SECONDARY, state=CONNECTED, ok=true, minWireVersion=0, maxWireVersion=17, maxDocumentSize=16777216, logicalSessionTimeoutMinutes=30, roundTripTimeNanos=103215600, setName='atlas-kgl3mo-shard-0', canonicalAddress=ac-whuypwz-shard-00-02.sj4mfu0.mongodb.net:27017, hosts=[ac-whuypwz-shard-00-00.sj4mfu0.mongodb.net:27017, ac-whuypwz-shard-00-01.sj4mfu0.mongodb.net:27017, ac-whuypwz-shard-00-02.sj4mfu0.mongodb.net:27017], passives=[], arbiters=[], primary='ac-whuypwz-shard-00-01.sj4mfu0.mongodb.net:27017', tagSet=TagSet{[Tag{name='nodeType', value='ELECTABLE'}, Tag{name='provider', value='AWS'}, Tag{name='region', value='US_EAST_1'}, Tag{name='workloadType', value='OPERATIONAL'}]}, electionId=null, setVersion=7, topologyVersion=TopologyVersion{processId=64f5126122d80b7efd0e3d3a, counter=3}, lastWriteDate=Mon Sep 04 16:36:55 EDT 2023, lastUpdateTimeNanos=22911532856400}
2023-09-04T16:36:54.852-04:00  INFO 17860 --- [ngodb.net:27017] org.mongodb.driver.cluster               : Monitor thread successfully connected to server with description ServerDescription{address=ac-whuypwz-shard-00-00.sj4mfu0.mongodb.net:27017, type=REPLICA_SET_SECONDARY, state=CONNECTED, ok=true, minWireVersion=0, maxWireVersion=17, maxDocumentSize=16777216, logicalSessionTimeoutMinutes=30, roundTripTimeNanos=97762900, setName='atlas-kgl3mo-shard-0', canonicalAddress=ac-whuypwz-shard-00-00.sj4mfu0.mongodb.net:27017, hosts=[ac-whuypwz-shard-00-00.sj4mfu0.mongodb.net:27017, ac-whuypwz-shard-00-01.sj4mfu0.mongodb.net:27017, ac-whuypwz-shard-00-02.sj4mfu0.mongodb.net:27017], passives=[], arbiters=[], primary='ac-whuypwz-shard-00-01.sj4mfu0.mongodb.net:27017', tagSet=TagSet{[Tag{name='nodeType', value='ELECTABLE'}, Tag{name='provider', value='AWS'}, Tag{name='region', value='US_EAST_1'}, Tag{name='workloadType', value='OPERATIONAL'}]}, electionId=null, setVersion=7, topologyVersion=TopologyVersion{processId=64f50fdd2a9014cc82141e66, counter=4}, lastWriteDate=Mon Sep 04 16:36:55 EDT 2023, lastUpdateTimeNanos=22911533735600}
2023-09-04T16:36:54.903-04:00  INFO 17860 --- [ngodb.net:27017] org.mongodb.driver.cluster               : Monitor thread successfully connected to server with description ServerDescription{address=ac-whuypwz-shard-00-01.sj4mfu0.mongodb.net:27017, type=REPLICA_SET_PRIMARY, state=CONNECTED, ok=true, minWireVersion=0, maxWireVersion=17, maxDocumentSize=16777216, logicalSessionTimeoutMinutes=30, roundTripTimeNanos=143975500, setName='atlas-kgl3mo-shard-0', canonicalAddress=ac-whuypwz-shard-00-01.sj4mfu0.mongodb.net:27017, hosts=[ac-whuypwz-shard-00-00.sj4mfu0.mongodb.net:27017, ac-whuypwz-shard-00-01.sj4mfu0.mongodb.net:27017, ac-whuypwz-shard-00-02.sj4mfu0.mongodb.net:27017], passives=[], arbiters=[], primary='ac-whuypwz-shard-00-01.sj4mfu0.mongodb.net:27017', tagSet=TagSet{[Tag{name='nodeType', value='ELECTABLE'}, Tag{name='provider', value='AWS'}, Tag{name='region', value='US_EAST_1'}, Tag{name='workloadType', value='OPERATIONAL'}]}, electionId=7fffffff00000000000000ea, setVersion=7, topologyVersion=TopologyVersion{processId=64f510fe2f4cb6369d4a20d8, counter=6}, lastWriteDate=Mon Sep 04 16:36:55 EDT 2023, lastUpdateTimeNanos=22911584016500}
2023-09-04T16:36:54.904-04:00  INFO 17860 --- [ngodb.net:27017] org.mongodb.driver.cluster               : Discovered replica set primary ac-whuypwz-shard-00-01.sj4mfu0.mongodb.net:27017 with max election id 7fffffff00000000000000ea and max set version 7
2023-09-04T16:36:55.141-04:00  INFO 17860 --- [           main] o.s.b.t.m.w.SpringBootMockServletContext : Initializing Spring TestDispatcherServlet ''
2023-09-04T16:36:55.142-04:00  INFO 17860 --- [           main] o.s.t.web.servlet.TestDispatcherServlet  : Initializing Servlet ''
2023-09-04T16:36:55.142-04:00  INFO 17860 --- [           main] o.s.t.web.servlet.TestDispatcherServlet  : Completed initialization in 0 ms
2023-09-04T16:36:55.152-04:00  INFO 17860 --- [           main] c.n.j.controller.GoalControllerTest      : Started GoalControllerTest in 1.222 seconds (process running for 11.747)
]]></system-out>
  </testcase>
  <testcase name="publicGoalMissingJournal_UnitTest" classname="com.northpole.journalappserver.controller.GoalControllerTest" time="0.012">
    <system-out><![CDATA[2023-09-04T16:36:55.236-04:00  WARN 17860 --- [           main] .w.s.m.s.DefaultHandlerExceptionResolver : Resolved [org.springframework.web.bind.MethodArgumentNotValidException: Validation failed for argument [0] in public org.springframework.http.ResponseEntity<com.northpole.journalappserver.entity.GeneralResponseBody> com.northpole.journalappserver.controller.GoalController.createGoal(com.northpole.journalappserver.entity.Goal): [Field error in object 'goal' on field 'journal': rejected value [null]; codes [NotNull.goal.journal,NotNull.journal,NotNull.java.lang.Integer,NotNull]; arguments [org.springframework.context.support.DefaultMessageSourceResolvable: codes [goal.journal,journal]; arguments []; default message [journal]]; default message [must not be null]] ]
]]></system-out>
  </testcase>
  <testcase name="publishGoalMissingObjectives_UnitTest" classname="com.northpole.journalappserver.controller.GoalControllerTest" time="0.008">
    <system-out><![CDATA[2023-09-04T16:36:55.246-04:00  WARN 17860 --- [           main] .w.s.m.s.DefaultHandlerExceptionResolver : Resolved [org.springframework.http.converter.HttpMessageNotReadableException: JSON parse error: Unexpected character ('}' (code 125)): was expecting double-quote to start field name]
]]></system-out>
  </testcase>
  <testcase name="publishGoalMissingObjectiveTopic_UnitTest" classname="com.northpole.journalappserver.controller.GoalControllerTest" time="0.008">
    <system-out><![CDATA[2023-09-04T16:36:55.256-04:00  WARN 17860 --- [           main] .w.s.m.s.DefaultHandlerExceptionResolver : Resolved [org.springframework.web.bind.MethodArgumentNotValidException: Validation failed for argument [0] in public org.springframework.http.ResponseEntity<com.northpole.journalappserver.entity.GeneralResponseBody> com.northpole.journalappserver.controller.GoalController.createGoal(com.northpole.journalappserver.entity.Goal): [Field error in object 'goal' on field 'objectives[0].topic': rejected value [null]; codes [NotNull.goal.objectives[0].topic,NotNull.goal.objectives.topic,NotNull.objectives[0].topic,NotNull.objectives.topic,NotNull.topic,NotNull.java.lang.String,NotNull]; arguments [org.springframework.context.support.DefaultMessageSourceResolvable: codes [goal.objectives[0].topic,objectives[0].topic]; arguments []; default message [objectives[0].topic]]; default message [must not be null]] ]
]]></system-out>
  </testcase>
  <testcase name="publishGoalEmptyObjectives_UnitTest" classname="com.northpole.journalappserver.controller.GoalControllerTest" time="0.007"/>
  <testcase name="publishGoalMissingObjectiveDescription_UnitTest" classname="com.northpole.journalappserver.controller.GoalControllerTest" time="0.01">
    <system-out><![CDATA[2023-09-04T16:36:55.277-04:00  WARN 17860 --- [           main] .w.s.m.s.DefaultHandlerExceptionResolver : Resolved [org.springframework.web.bind.MethodArgumentNotValidException: Validation failed for argument [0] in public org.springframework.http.ResponseEntity<com.northpole.journalappserver.entity.GeneralResponseBody> com.northpole.journalappserver.controller.GoalController.createGoal(com.northpole.journalappserver.entity.Goal): [Field error in object 'goal' on field 'objectives[0].description': rejected value [null]; codes [NotNull.goal.objectives[0].description,NotNull.goal.objectives.description,NotNull.objectives[0].description,NotNull.objectives.description,NotNull.description,NotNull.java.lang.String,NotNull]; arguments [org.springframework.context.support.DefaultMessageSourceResolvable: codes [goal.objectives[0].description,objectives[0].description]; arguments []; default message [objectives[0].description]]; default message [must not be null]] ]
]]></system-out>
  </testcase>
  <testcase name="publishGoalSuccess_UnitTest" classname="com.northpole.journalappserver.controller.GoalControllerTest" time="0.006"/>
  <testcase name="publishGoalEmptyObjectiveProgress_UnitTest" classname="com.northpole.journalappserver.controller.GoalControllerTest" time="0.007"/>
  <testcase name="publishGoalMissingProgressTargetValue_UnitTest" classname="com.northpole.journalappserver.controller.GoalControllerTest" time="0.007">
    <system-out><![CDATA[2023-09-04T16:36:55.302-04:00  WARN 17860 --- [           main] .w.s.m.s.DefaultHandlerExceptionResolver : Resolved [org.springframework.web.bind.MethodArgumentNotValidException: Validation failed for argument [0] in public org.springframework.http.ResponseEntity<com.northpole.journalappserver.entity.GeneralResponseBody> com.northpole.journalappserver.controller.GoalController.createGoal(com.northpole.journalappserver.entity.Goal): [Field error in object 'goal' on field 'objectives[0].progressList[0].targetValue': rejected value [null]; codes [NotNull.goal.objectives[0].progressList[0].targetValue,NotNull.goal.objectives[0].progressList.targetValue,NotNull.goal.objectives.progressList.targetValue,NotNull.objectives[0].progressList[0].targetValue,NotNull.objectives[0].progressList.targetValue,NotNull.objectives.progressList.targetValue,NotNull.targetValue,NotNull.java.lang.Double,NotNull]; arguments [org.springframework.context.support.DefaultMessageSourceResolvable: codes [goal.objectives[0].progressList[0].targetValue,objectives[0].progressList[0].targetValue]; arguments []; default message [objectives[0].progressList[0].targetValue]]; default message [must not be null]] ]
]]></system-out>
  </testcase>
  <testcase name="publishGoalMissingIcon_UnitTest" classname="com.northpole.journalappserver.controller.GoalControllerTest" time="0.009"/>
  <testcase name="publishGoalMissingProgressRecKey_UnitTest" classname="com.northpole.journalappserver.controller.GoalControllerTest" time="0.009">
    <system-out><![CDATA[2023-09-04T16:36:55.321-04:00  WARN 17860 --- [           main] .w.s.m.s.DefaultHandlerExceptionResolver : Resolved [org.springframework.web.bind.MethodArgumentNotValidException: Validation failed for argument [0] in public org.springframework.http.ResponseEntity<com.northpole.journalappserver.entity.GeneralResponseBody> com.northpole.journalappserver.controller.GoalController.createGoal(com.northpole.journalappserver.entity.Goal): [Field error in object 'goal' on field 'objectives[0].progressList[0].recKey': rejected value [null]; codes [NotNull.goal.objectives[0].progressList[0].recKey,NotNull.goal.objectives[0].progressList.recKey,NotNull.goal.objectives.progressList.recKey,NotNull.objectives[0].progressList[0].recKey,NotNull.objectives[0].progressList.recKey,NotNull.objectives.progressList.recKey,NotNull.recKey,NotNull.java.lang.String,NotNull]; arguments [org.springframework.context.support.DefaultMessageSourceResolvable: codes [goal.objectives[0].progressList[0].recKey,objectives[0].progressList[0].recKey]; arguments []; default message [objectives[0].progressList[0].recKey]]; default message [must not be null]] ]
]]></system-out>
  </testcase>
  <testcase name="publishGoalMissingGains_UnitTest" classname="com.northpole.journalappserver.controller.GoalControllerTest" time="0.009"/>
  <testcase name="publicGoalMissingDescription_UnitTest" classname="com.northpole.journalappserver.controller.GoalControllerTest" time="0.012">
    <system-out><![CDATA[2023-09-04T16:36:55.345-04:00  WARN 17860 --- [           main] .w.s.m.s.DefaultHandlerExceptionResolver : Resolved [org.springframework.web.bind.MethodArgumentNotValidException: Validation failed for argument [0] in public org.springframework.http.ResponseEntity<com.northpole.journalappserver.entity.GeneralResponseBody> com.northpole.journalappserver.controller.GoalController.createGoal(com.northpole.journalappserver.entity.Goal): [Field error in object 'goal' on field 'description': rejected value [null]; codes [NotNull.goal.description,NotNull.description,NotNull.java.lang.String,NotNull]; arguments [org.springframework.context.support.DefaultMessageSourceResolvable: codes [goal.description,description]; arguments []; default message [description]]; default message [must not be null]] ]
]]></system-out>
  </testcase>
  <testcase name="publishGoalMissingObjectiveProgress_UnitTest" classname="com.northpole.journalappserver.controller.GoalControllerTest" time="0.006">
    <system-out><![CDATA[2023-09-04T16:36:55.352-04:00  WARN 17860 --- [           main] .w.s.m.s.DefaultHandlerExceptionResolver : Resolved [org.springframework.http.converter.HttpMessageNotReadableException: JSON parse error: Unexpected character ('}' (code 125)): was expecting double-quote to start field name]
]]></system-out>
  </testcase>
  <testcase name="publishGoalMissingProgressCompareType_UnitTest" classname="com.northpole.journalappserver.controller.GoalControllerTest" time="0.006">
    <system-out><![CDATA[2023-09-04T16:36:55.359-04:00  WARN 17860 --- [           main] .w.s.m.s.DefaultHandlerExceptionResolver : Resolved [org.springframework.web.bind.MethodArgumentNotValidException: Validation failed for argument [0] in public org.springframework.http.ResponseEntity<com.northpole.journalappserver.entity.GeneralResponseBody> com.northpole.journalappserver.controller.GoalController.createGoal(com.northpole.journalappserver.entity.Goal): [Field error in object 'goal' on field 'objectives[0].progressList[0].compareType': rejected value [null]; codes [NotNull.goal.objectives[0].progressList[0].compareType,NotNull.goal.objectives[0].progressList.compareType,NotNull.goal.objectives.progressList.compareType,NotNull.objectives[0].progressList[0].compareType,NotNull.objectives[0].progressList.compareType,NotNull.objectives.progressList.compareType,NotNull.compareType,NotNull.java.lang.String,NotNull]; arguments [org.springframework.context.support.DefaultMessageSourceResolvable: codes [goal.objectives[0].progressList[0].compareType,objectives[0].progressList[0].compareType]; arguments []; default message [objectives[0].progressList[0].compareType]]; default message [must not be null]] ]
]]></system-out>
  </testcase>
</testsuite>