<?xml version="1.0" encoding="UTF-8"?>
<testsuite xmlns:xsi="http://www.w3.org/2001/XMLSchema-instance" xsi:noNamespaceSchemaLocation="https://maven.apache.org/surefire/maven-surefire-plugin/xsd/surefire-test-report-3.0.xsd" version="3.0" name="com.northpole.journalappserver.service.JournalEntryServiceTest" time="0.106" tests="2" errors="0" skipped="0" failures="0">
  <properties>
[...]
</properties>
  <testcase name="saveSuccess_UnitTest" classname="com.northpole.journalappserver.service.JournalEntryServiceTest" time="0.004">
    <system-out><![CDATA[2023-09-04T16:37:22.540-04:00  INFO 17860 --- [           main] t.c.s.AnnotationConfigContextLoaderUtils : Could not detect default configuration classes for test class [com.northpole.journalappserver.service.JournalEntryServiceTest]: JournalEntryServiceTest does not declare any static, non-private, non-final, nested classes annotated with @Configuration.
2023-09-04T16:37:22.543-04:00  INFO 17860 --- [           main] .b.t.c.SpringBootTestContextBootstrapper : Found @SpringBootConfiguration com.northpole.journalappserver.JournalAppServerApplication for test class com.northpole.journalappserver.service.JournalEntryServiceTest
]]></system-out>
  </testcase>
  <testcase name="getJournalEntriesById_UnitTest" classname="com.northpole.journalappserver.service.JournalEntryServiceTest" time="0.003"/>
</testsuite>