<?xml version="1.0" encoding="UTF-8"?>
<testsuite xmlns:xsi="http://www.w3.org/2001/XMLSchema-instance" xsi:noNamespaceSchemaLocation="https://maven.apache.org/surefire/maven-surefire-plugin/xsd/surefire-test-report-3.0.xsd" version="3.0" name="com.northpole.journalappserver.repository.JournalEntryRepositoryIntegrationTest" time="4.397" tests="3" errors="0" skipped="0" failures="0">
  <properties>
[...]
</properties>
  <testcase name="findAllByJournal_IntegrationTest" classname="com.northpole.journalappserver.repository.JournalEntryRepositoryIntegrationTest" time="0.089">
    <system-out><![CDATA[2023-09-04T16:37:09.711-04:00  INFO 17860 --- [           main] t.c.s.AnnotationConfigContextLoaderUtils : Could not detect default configuration classes for test class [com.northpole.journalappserver.repository.JournalEntryRepositoryIntegrationTest]: JournalEntryRepositoryIntegrationTest does not declare any static, non-private, non-final, nested classes annotated with @Configuration.
2023-09-04T16:37:09.715-04:00  INFO 17860 --- [           main] .b.t.c.SpringBootTestContextBootstrapper : Found @SpringBootConfiguration com.northpole.journalappserver.JournalAppServerApplication for test class com.northpole.journalappserver.repository.JournalEntryRepositoryIntegrationTest
2023-09-04T16:37:09.717-04:00  INFO 17860 --- [           main] tc.mongo:latest                          : Creating container for image: mongo:latest
2023-09-04T16:37:09.821-04:00  INFO 17860 --- [           main] tc.mongo:latest                          : Container mongo:latest is starting: 0339af7d295202b2cb6e2b6215a75377ae09e50f7d5ff818e0d5312d2744d1b9
2023-09-04T16:37:10.855-04:00  INFO 17860 --- [           main] tc.mongo:latest                          : Container mongo:latest started in PT1.1375182S

  .   ____          _            __ _ _
 /\\ / ___'_ __ _ _(_)_ __  __ _ \ \ \ \
( ( )\___ | '_ | '_| | '_ \/ _` | \ \ \ \
 \\/  ___)| |_)| | | | | || (_| |  ) ) ) )
  '  |____| .__|_| |_|_| |_\__, | / / / /
 =========|_|==============|___/=/_/_/_/
 :: Spring Boot ::                (v3.1.2)

2023-09-04T16:37:12.801-04:00  INFO 17860 --- [           main] .r.JournalEntryRepositoryIntegrationTest : Starting JournalEntryRepositoryIntegrationTest using Java 17 with PID 17860 (started by Marco in D:\Documents\JSWorkspace\JournalApp\JournalApp\server\journal-app-server\journal-app-server)
2023-09-04T16:37:12.802-04:00  INFO 17860 --- [           main] .r.JournalEntryRepositoryIntegrationTest : No active profile set, falling back to 1 default profile: "default"
2023-09-04T16:37:12.917-04:00  INFO 17860 --- [           main] .s.d.r.c.RepositoryConfigurationDelegate : Multiple Spring Data modules found, entering strict repository configuration mode
2023-09-04T16:37:12.917-04:00  INFO 17860 --- [           main] .s.d.r.c.RepositoryConfigurationDelegate : Bootstrapping Spring Data JPA repositories in DEFAULT mode.
2023-09-04T16:37:12.924-04:00  INFO 17860 --- [           main] .RepositoryConfigurationExtensionSupport : Spring Data JPA - Could not safely identify store assignment for repository candidate interface com.northpole.journalappserver.repository.FlatRecordRepository; If you want this repository to be a JPA repository, consider annotating your entities with one of these annotations: jakarta.persistence.Entity, jakarta.persistence.MappedSuperclass (preferred), or consider extending one of the following types with your repository: org.springframework.data.jpa.repository.JpaRepository
2023-09-04T16:37:12.925-04:00  INFO 17860 --- [           main] .RepositoryConfigurationExtensionSupport : Spring Data JPA - Could not safely identify store assignment for repository candidate interface com.northpole.journalappserver.repository.GoalRepository; If you want this repository to be a JPA repository, consider annotating your entities with one of these annotations: jakarta.persistence.Entity, jakarta.persistence.MappedSuperclass (preferred), or consider extending one of the following types with your repository: org.springframework.data.jpa.repository.JpaRepository
2023-09-04T16:37:12.926-04:00  INFO 17860 --- [           main] .RepositoryConfigurationExtensionSupport : Spring Data JPA - Could not safely identify store assignment for repository candidate interface com.northpole.journalappserver.repository.JournalEntryRepository; If you want this repository to be a JPA repository, consider annotating your entities with one of these annotations: jakarta.persistence.Entity, jakarta.persistence.MappedSuperclass (preferred), or consider extending one of the following types with your repository: org.springframework.data.jpa.repository.JpaRepository
2023-09-04T16:37:12.934-04:00  INFO 17860 --- [           main] .s.d.r.c.RepositoryConfigurationDelegate : Finished Spring Data repository scanning in 16 ms. Found 3 JPA repository interfaces.
2023-09-04T16:37:12.938-04:00  INFO 17860 --- [           main] .s.d.r.c.RepositoryConfigurationDelegate : Multiple Spring Data modules found, entering strict repository configuration mode
2023-09-04T16:37:12.938-04:00  INFO 17860 --- [           main] .s.d.r.c.RepositoryConfigurationDelegate : Bootstrapping Spring Data MongoDB repositories in DEFAULT mode.
2023-09-04T16:37:12.940-04:00  INFO 17860 --- [           main] .RepositoryConfigurationExtensionSupport : Spring Data MongoDB - Could not safely identify store assignment for repository candidate interface com.northpole.journalappserver.repository.DashboardWidgetRepository; If you want this repository to be a MongoDB repository, consider annotating your entities with one of these annotations: org.springframework.data.mongodb.core.mapping.Document (preferred), or consider extending one of the following types with your repository: org.springframework.data.mongodb.repository.MongoRepository
2023-09-04T16:37:12.941-04:00  INFO 17860 --- [           main] .RepositoryConfigurationExtensionSupport : Spring Data MongoDB - Could not safely identify store assignment for repository candidate interface com.northpole.journalappserver.repository.JournalRepository; If you want this repository to be a MongoDB repository, consider annotating your entities with one of these annotations: org.springframework.data.mongodb.core.mapping.Document (preferred), or consider extending one of the following types with your repository: org.springframework.data.mongodb.repository.MongoRepository
2023-09-04T16:37:12.941-04:00  INFO 17860 --- [           main] .RepositoryConfigurationExtensionSupport : Spring Data MongoDB - Could not safely identify store assignment for repository candidate interface com.northpole.journalappserver.repository.ObjectiveRepository; If you want this repository to be a MongoDB repository, consider annotating your entities with one of these annotations: org.springframework.data.mongodb.core.mapping.Document (preferred), or consider extending one of the following types with your repository: org.springframework.data.mongodb.repository.MongoRepository
2023-09-04T16:37:12.945-04:00  INFO 17860 --- [           main] .s.d.r.c.RepositoryConfigurationDelegate : Finished Spring Data repository scanning in 7 ms. Found 3 MongoDB repository interfaces.
2023-09-04T16:37:12.993-04:00  INFO 17860 --- [           main] com.zaxxer.hikari.HikariDataSource       : HikariPool-7 - Starting...
2023-09-04T16:37:13.011-04:00  INFO 17860 --- [           main] com.zaxxer.hikari.pool.HikariPool        : HikariPool-7 - Added connection org.postgresql.jdbc.PgConnection@3c193a5a
2023-09-04T16:37:13.011-04:00  INFO 17860 --- [           main] com.zaxxer.hikari.HikariDataSource       : HikariPool-7 - Start completed.
2023-09-04T16:37:13.012-04:00  INFO 17860 --- [           main] o.hibernate.jpa.internal.util.LogHelper  : HHH000204: Processing PersistenceUnitInfo [name: default]
2023-09-04T16:37:13.018-04:00  INFO 17860 --- [           main] o.h.b.i.BytecodeProviderInitiator        : HHH000021: Bytecode provider name : bytebuddy
2023-09-04T16:37:13.018-04:00  INFO 17860 --- [           main] o.s.o.j.p.SpringPersistenceUnitInfo      : No LoadTimeWeaver setup: ignoring JPA class transformer
2023-09-04T16:37:13.043-04:00  INFO 17860 --- [           main] o.h.b.i.BytecodeProviderInitiator        : HHH000021: Bytecode provider name : bytebuddy
2023-09-04T16:37:13.094-04:00  INFO 17860 --- [           main] o.h.e.t.j.p.i.JtaPlatformInitiator       : HHH000490: Using JtaPlatform implementation: [org.hibernate.engine.transaction.jta.platform.internal.NoJtaPlatform]
2023-09-04T16:37:13.094-04:00  INFO 17860 --- [           main] j.LocalContainerEntityManagerFactoryBean : Initialized JPA EntityManagerFactory for persistence unit 'default'
2023-09-04T16:37:13.131-04:00  INFO 17860 --- [           main] org.mongodb.driver.client                : MongoClient with metadata {"driver": {"name": "mongo-java-driver|sync|spring-boot", "version": "4.9.1"}, "os": {"type": "Windows", "name": "Windows 10", "architecture": "amd64", "version": "10.0"}, "platform": "Java/Oracle Corporation/17+35-LTS-2724"} created with settings MongoClientSettings{readPreference=primary, writeConcern=WriteConcern{w=null, wTimeout=null ms, journal=null}, retryWrites=true, retryReads=true, readConcern=ReadConcern{level=null}, credential=null, streamFactoryFactory=null, commandListeners=[], codecRegistry=ProvidersCodecRegistry{codecProviders=[ValueCodecProvider{}, BsonValueCodecProvider{}, DBRefCodecProvider{}, DBObjectCodecProvider{}, DocumentCodecProvider{}, CollectionCodecProvider{}, IterableCodecProvider{}, MapCodecProvider{}, GeoJsonCodecProvider{}, GridFSFileCodecProvider{}, Jsr310CodecProvider{}, JsonObjectCodecProvider{}, BsonCodecProvider{}, EnumCodecProvider{}, com.mongodb.client.model.mql.ExpressionCodecProvider@4d24ab25, com.mongodb.Jep395RecordCodecProvider@145f1f97]}, loggerSettings=LoggerSettings{maxDocumentLength=1000}, clusterSettings={hosts=[localhost:64324], srvServiceName=mongodb, mode=SINGLE, requiredClusterType=UNKNOWN, requiredReplicaSetName='null', serverSelector='null', clusterListeners='[]', serverSelectionTimeout='30000 ms', localThreshold='30000 ms'}, socketSettings=SocketSettings{connectTimeoutMS=10000, readTimeoutMS=0, receiveBufferSize=0, sendBufferSize=0}, heartbeatSocketSettings=SocketSettings{connectTimeoutMS=10000, readTimeoutMS=10000, receiveBufferSize=0, sendBufferSize=0}, connectionPoolSettings=ConnectionPoolSettings{maxSize=100, minSize=0, maxWaitTimeMS=120000, maxConnectionLifeTimeMS=0, maxConnectionIdleTimeMS=0, maintenanceInitialDelayMS=0, maintenanceFrequencyMS=60000, connectionPoolListeners=[], maxConnecting=2}, serverSettings=ServerSettings{heartbeatFrequencyMS=10000, minHeartbeatFrequencyMS=500, serverListeners='[]', serverMonitorListeners='[]'}, sslSettings=SslSettings{enabled=false, invalidHostNameAllowed=false, context=null}, applicationName='null', compressorList=[], uuidRepresentation=JAVA_LEGACY, serverApi=null, autoEncryptionSettings=null, contextProvider=null}
2023-09-04T16:37:13.135-04:00  INFO 17860 --- [localhost:64324] org.mongodb.driver.cluster               : Monitor thread successfully connected to server with description ServerDescription{address=localhost:64324, type=REPLICA_SET_PRIMARY, state=CONNECTED, ok=true, minWireVersion=0, maxWireVersion=17, maxDocumentSize=16777216, logicalSessionTimeoutMinutes=30, roundTripTimeNanos=3273900, setName='docker-rs', canonicalAddress=0339af7d2952:27017, hosts=[0339af7d2952:27017], passives=[], arbiters=[], primary='0339af7d2952:27017', tagSet=TagSet{[]}, electionId=7fffffff0000000000000001, setVersion=1, topologyVersion=TopologyVersion{processId=64f63ff68c21cd4e1d643d66, counter=6}, lastWriteDate=Mon Sep 04 16:37:12 EDT 2023, lastUpdateTimeNanos=22929815581600}
2023-09-04T16:37:13.237-04:00  WARN 17860 --- [           main] JpaBaseConfiguration$JpaWebConfiguration : spring.jpa.open-in-view is enabled by default. Therefore, database queries may be performed during view rendering. Explicitly configure spring.jpa.open-in-view to disable this warning
2023-09-04T16:37:13.351-04:00  INFO 17860 --- [           main] .r.JournalEntryRepositoryIntegrationTest : Started JournalEntryRepositoryIntegrationTest in 0.563 seconds (process running for 29.946)
]]></system-out>
  </testcase>
  <testcase name="findLastEntryInJournal_IntegrationTest" classname="com.northpole.journalappserver.repository.JournalEntryRepositoryIntegrationTest" time="0.028"/>
  <testcase name="saveSuccess_IntegrationTest" classname="com.northpole.journalappserver.repository.JournalEntryRepositoryIntegrationTest" time="0.044"/>
</testsuite>